<?xml version="1.0" encoding="UTF-8"?>
<testng-results skipped="0" failed="0" ignored="0" total="1" passed="1">
  <reporter-output>
  </reporter-output>
  <suite name="Default suite" duration-ms="17284" started-at="2020-12-01T08:15:35Z" finished-at="2020-12-01T08:15:52Z">
    <groups>
    </groups>
    <test name="Default test" duration-ms="17284" started-at="2020-12-01T08:15:35Z" finished-at="2020-12-01T08:15:52Z">
      <class name="Test.Demo1">
        <test-method status="PASS" signature="Base()[pri:0, instance:Test.Demo1@7fcef91f]" name="Base" is-config="true" duration-ms="12744" started-at="2020-12-01T08:15:35Z" finished-at="2020-12-01T08:15:48Z">
          <reporter-output>
          </reporter-output>
        </test-method> <!-- Base -->
        <test-method status="PASS" signature="test1()[pri:0, instance:Test.Demo1@7fcef91f]" name="test1" duration-ms="4503" started-at="2020-12-01T08:15:48Z" finished-at="2020-12-01T08:15:52Z">
          <reporter-output>
          </reporter-output>
        </test-method> <!-- test1 -->
      </class> <!-- Test.Demo1 -->
    </test> <!-- Default test -->
  </suite> <!-- Default suite -->
</testng-results>
